ISim log file
Running: /mnt/c/Users/aligo/Desktop/Developer/EEE40013-Project-2/E2_CPU32Debug_2024/E2_CPU32Debug/Synthesis/cpuTestbench_isim_beh.exe -intstyle ise -gui -tclbatch isim.cmd -wdb /mnt/c/Users/aligo/Desktop/Developer/EEE40013-Project-2/E2_CPU32Debug_2024/E2_CPU32Debug/Synthesis/cpuTestbench_isim_beh.wdb 
ISim P.20131013 (signature 0xfbc00daa)
WARNING: A WEBPACK license was found.
WARNING: Please use Xilinx License Configuration Manager to check out a full ISim license.
WARNING: ISim will run in Lite mode. Please refer to the ISim documentation for more information on the differences between the Lite and the Full version.
This is a Lite version of ISim.
Time resolution is 1 ps
# onerror resume
# wave add /
# run 1000 ns
Simulator is doing circuit initialization process.
at 0 ps, Instance /cputestbench/theCPU/registerBank/ : Warning: NUMERIC_STD.TO_INTEGER: metavalue detected, returning 0
at 0 ps, Instance /cputestbench/theCPU/registerBank/ : Warning: NUMERIC_STD.TO_INTEGER: metavalue detected, returning 0
at 0 ps, Instance /cputestbench/theCPU/theALU/ : Warning: NUMERIC_STD."=": metavalue detected, returning FALSE
Finished circuit initialization process.
at 0 ps, Instance /cputestbench/theCPU/theALU/ : Warning: NUMERIC_STD."=": metavalue detected, returning FALSE
at 0 ps, Instance /cputestbench/theCPU/theALU/ : Warning: NUMERIC_STD."=": metavalue detected, returning FALSE
at 50 ns(1), Instance /cputestbench/theCPU/dataMem/ : Warning: NUMERIC_STD.TO_INTEGER: metavalue detected, returning 0
at 50 ns(4), Instance /cputestbench/theCPU/theALU/ : Warning: NUMERIC_STD."=": metavalue detected, returning FALSE
# restart
# run 1.00us
Simulator is doing circuit initialization process.
at 0 ps, Instance /cputestbench/theCPU/registerBank/ : Warning: NUMERIC_STD.TO_INTEGER: metavalue detected, returning 0
at 0 ps, Instance /cputestbench/theCPU/registerBank/ : Warning: NUMERIC_STD.TO_INTEGER: metavalue detected, returning 0
at 0 ps, Instance /cputestbench/theCPU/theALU/ : Warning: NUMERIC_STD."=": metavalue detected, returning FALSE
Finished circuit initialization process.
at 0 ps, Instance /cputestbench/theCPU/theALU/ : Warning: NUMERIC_STD."=": metavalue detected, returning FALSE
at 0 ps, Instance /cputestbench/theCPU/theALU/ : Warning: NUMERIC_STD."=": metavalue detected, returning FALSE
at 50 ns(1), Instance /cputestbench/theCPU/dataMem/ : Warning: NUMERIC_STD.TO_INTEGER: metavalue detected, returning 0
at 50 ns(4), Instance /cputestbench/theCPU/theALU/ : Warning: NUMERIC_STD."=": metavalue detected, returning FALSE
# run 1.00us
